<?xml version="1.0" encoding="UTF-8"?>
<!-- Generated by org.testng.reporters.JUnitReportReporter -->
<testsuite skipped="0" hostname="DESKTOP-N308L1J" name="test.LoginTest" tests="1" failures="0" timestamp="22 Oct 2022 16:35:01 GMT" time="56.675" errors="0">
  <testcase name="validUserShouldBeAbleToLogin" time="56.675" classname="test.LoginTest"/>
</testsuite> <!-- test.LoginTest -->
