<?xml version="1.0" encoding="UTF-8"?>
<!-- Generated by org.testng.reporters.JUnitReportReporter -->
<testsuite skipped="0" hostname="DESKTOP-N308L1J" name="test.AddContactTest" tests="1" failures="0" timestamp="22 Oct 2022 18:33:59 GMT" time="35.688" errors="0">
  <testcase name="userShouldBeAbleToAddCustomerFromListCustomer" time="35.688" classname="test.AddContactTest"/>
</testsuite> <!-- test.AddContactTest -->
